[    1916ms] [ERROR] Failed to load resource: the server responded with a status of 404 () @ https://dsrny.com/work:0
[    5362ms] [ERROR] TypeError: Cannot read properties of undefined (reading 'search')
    at t.value (https://dsrny.com/assets/client.09c255f7.js:1:80644)
    at In (https://dsrny.com/assets/vendor.053baa95.js:1:507942)
    at Mn (https://dsrny.com/assets/vendor.053baa95.js:1:507737)
    at Ln (https://dsrny.com/assets/vendor.053baa95.js:1:511150)
    at _r (https://dsrny.com/assets/vendor.053baa95.js:1:531038)
    at xr (https://dsrny.com/assets/vendor.053baa95.js:1:531426)
    at Br (https://dsrny.com/assets/vendor.053baa95.js:1:538375)
    at Ur (https://dsrny.com/assets/vendor.053baa95.js:1:537755)
    at Dr (https://dsrny.com/assets/vendor.053baa95.js:1:536784)
    at Tr (https://dsrny.com/assets/vendor.053baa95.js:1:535750) @ https://dsrny.com/assets/vendor.053baa95.js:0
[    5363ms] TypeError: Cannot read properties of undefined (reading 'search')
    at t.value (https://dsrny.com/assets/client.09c255f7.js:1:80644)
    at In (https://dsrny.com/assets/vendor.053baa95.js:1:507942)
    at Mn (https://dsrny.com/assets/vendor.053baa95.js:1:507737)
    at Ln (https://dsrny.com/assets/vendor.053baa95.js:1:511150)
    at _r (https://dsrny.com/assets/vendor.053baa95.js:1:531038)
    at xr (https://dsrny.com/assets/vendor.053baa95.js:1:531426)
    at Br (https://dsrny.com/assets/vendor.053baa95.js:1:538375)
    at Ur (https://dsrny.com/assets/vendor.053baa95.js:1:537755)
    at Dr (https://dsrny.com/assets/vendor.053baa95.js:1:536784)
    at Tr (https://dsrny.com/assets/vendor.053baa95.js:1:535750)
